<?xml version="1.0" encoding="UTF-8"?>
<!-- Generated by org.testng.reporters.JUnitReportReporter -->
<testsuite skipped="0" hostname="DERIW42SLPC1327" name="runner.RunTest" tests="1" failures="0" timestamp="10 Feb 2019 03:51:54 GMT" time="0.340" errors="0">
  <testcase name="feature" time="0.340" classname="runner.RunTest"/>
</testsuite> <!-- runner.RunTest -->
