<?xml version="1.0" encoding="UTF-8"?>
<!-- Generated by org.testng.reporters.JUnitReportReporter -->
<testsuite skipped="0" hostname="DERIW42SLPC1327" name="sample.Testing" tests="1" failures="0" timestamp="10 Feb 2019 03:40:25 GMT" time="0.025" errors="0">
  <testcase name="test" time="0.025" classname="sample.Testing"/>
</testsuite> <!-- sample.Testing -->
